# JRE version: Java(TM) SE Runtime Environment (8.0_231-b11) (build 1.8.0_231-b11)
# Java VM: Java HotSpot(TM) 64-Bit Server VM (25.231-b11 mixed mode windows-amd64 compressed oops)
Heap:
 PSYoungGen      total 212480K, used 172227K [0x00000000eaf00000, 0x00000000fe000000, 0x0000000100000000)
  eden space 203776K, 84% used [0x00000000eaf00000,0x00000000f5730fd8,0x00000000f7600000)
  from space 8704K, 0% used [0x00000000f7600000,0x00000000f7600000,0x00000000f7e80000)
  to   space 9728K, 0% used [0x00000000fd680000,0x00000000fd680000,0x00000000fe000000)
 ParOldGen       total 46080K, used 18074K [0x00000000c0c00000, 0x00000000c3900000, 0x00000000eaf00000)
  object space 46080K, 39% used [0x00000000c0c00000,0x00000000c1da6910,0x00000000c3900000)
 Metaspace       used 46020K, capacity 48504K, committed 48680K, reserved 1091584K
  class space    used 6395K, capacity 6853K, committed 6960K, reserved 1048576K
GC Heap History (10 events):
Event: 9.974 GC heap before
{Heap before GC invocations=9 (full 0):
 PSYoungGen      total 136192K, used 105779K [0x00000000eaf00000, 0x00000000f3b00000, 0x0000000100000000)
  eden space 129024K, 77% used [0x00000000eaf00000,0x00000000f11178e8,0x00000000f2d00000)
  from space 7168K, 74% used [0x00000000f3400000,0x00000000f3935630,0x00000000f3b00000)
  to   space 7168K, 0% used [0x00000000f2d00000,0x00000000f2d00000,0x00000000f3400000)
 ParOldGen       total 44032K, used 6298K [0x00000000c0c00000, 0x00000000c3700000, 0x00000000eaf00000)
  object space 44032K, 14% used [0x00000000c0c00000,0x00000000c1226b88,0x00000000c3700000)
 Metaspace       used 20404K, capacity 21278K, committed 21296K, reserved 1067008K
  class space    used 2644K, capacity 2848K, committed 2864K, reserved 1048576K
Event: 9.981 GC heap after
Heap after GC invocations=9 (full 0):
 PSYoungGen      total 136192K, used 3216K [0x00000000eaf00000, 0x00000000f8700000, 0x0000000100000000)
  eden space 129024K, 0% used [0x00000000eaf00000,0x00000000eaf00000,0x00000000f2d00000)
  from space 7168K, 44% used [0x00000000f2d00000,0x00000000f3024118,0x00000000f3400000)
  to   space 7168K, 0% used [0x00000000f8000000,0x00000000f8000000,0x00000000f8700000)
 ParOldGen       total 44032K, used 7637K [0x00000000c0c00000, 0x00000000c3700000, 0x00000000eaf00000)
  object space 44032K, 17% used [0x00000000c0c00000,0x00000000c1375688,0x00000000c3700000)
 Metaspace       used 20404K, capacity 21278K, committed 21296K, reserved 1067008K
  class space    used 2644K, capacity 2848K, committed 2864K, reserved 1048576K
}
Event: 9.981 GC heap before
{Heap before GC invocations=10 (full 1):
 PSYoungGen      total 136192K, used 3216K [0x00000000eaf00000, 0x00000000f8700000, 0x0000000100000000)
  eden space 129024K, 0% used [0x00000000eaf00000,0x00000000eaf00000,0x00000000f2d00000)
  from space 7168K, 44% used [0x00000000f2d00000,0x00000000f3024118,0x00000000f3400000)
  to   space 7168K, 0% used [0x00000000f8000000,0x00000000f8000000,0x00000000f8700000)
 ParOldGen       total 44032K, used 7637K [0x00000000c0c00000, 0x00000000c3700000, 0x00000000eaf00000)
  object space 44032K, 17% used [0x00000000c0c00000,0x00000000c1375688,0x00000000c3700000)
 Metaspace       used 20404K, capacity 21278K, committed 21296K, reserved 1067008K
  class space    used 2644K, capacity 2848K, committed 2864K, reserved 1048576K
Event: 10.028 GC heap after
Heap after GC invocations=10 (full 1):
 PSYoungGen      total 136192K, used 0K [0x00000000eaf00000, 0x00000000f8700000, 0x0000000100000000)
  eden space 129024K, 0% used [0x00000000eaf00000,0x00000000eaf00000,0x00000000f2d00000)
  from space 7168K, 0% used [0x00000000f2d00000,0x00000000f2d00000,0x00000000f3400000)
  to   space 7168K, 0% used [0x00000000f8000000,0x00000000f8000000,0x00000000f8700000)
 ParOldGen       total 28160K, used 7101K [0x00000000c0c00000, 0x00000000c2780000, 0x00000000eaf00000)
  object space 28160K, 25% used [0x00000000c0c00000,0x00000000c12ef6c0,0x00000000c2780000)
 Metaspace       used 20402K, capacity 21272K, committed 21296K, reserved 1067008K
  class space    used 2643K, capacity 2847K, committed 2864K, reserved 1048576K
}
Event: 14.711 GC heap before
{Heap before GC invocations=11 (full 1):
 PSYoungGen      total 136192K, used 128991K [0x00000000eaf00000, 0x00000000f8700000, 0x0000000100000000)
  eden space 129024K, 99% used [0x00000000eaf00000,0x00000000f2cf7e68,0x00000000f2d00000)
  from space 7168K, 0% used [0x00000000f2d00000,0x00000000f2d00000,0x00000000f3400000)
  to   space 7168K, 0% used [0x00000000f8000000,0x00000000f8000000,0x00000000f8700000)
 ParOldGen       total 28160K, used 7101K [0x00000000c0c00000, 0x00000000c2780000, 0x00000000eaf00000)
  object space 28160K, 25% used [0x00000000c0c00000,0x00000000c12ef6c0,0x00000000c2780000)
 Metaspace       used 27467K, capacity 29266K, committed 29360K, reserved 1075200K
  class space    used 3656K, capacity 4009K, committed 4016K, reserved 1048576K
Event: 14.727 GC heap after
Heap after GC invocations=11 (full 1):
 PSYoungGen      total 202752K, used 7158K [0x00000000eaf00000, 0x00000000f8700000, 0x0000000100000000)
  eden space 195584K, 0% used [0x00000000eaf00000,0x00000000eaf00000,0x00000000f6e00000)
  from space 7168K, 99% used [0x00000000f8000000,0x00000000f86fdb70,0x00000000f8700000)
  to   space 8704K, 0% used [0x00000000f7600000,0x00000000f7600000,0x00000000f7e80000)
 ParOldGen       total 28160K, used 9703K [0x00000000c0c00000, 0x00000000c2780000, 0x00000000eaf00000)
  object space 28160K, 34% used [0x00000000c0c00000,0x00000000c1579c60,0x00000000c2780000)
 Metaspace       used 27467K, capacity 29266K, committed 29360K, reserved 1075200K
  class space    used 3656K, capacity 4009K, committed 4016K, reserved 1048576K
}
Event: 16.797 GC heap before
{Heap before GC invocations=12 (full 1):
 PSYoungGen      total 202752K, used 145353K [0x00000000eaf00000, 0x00000000f8700000, 0x0000000100000000)
  eden space 195584K, 70% used [0x00000000eaf00000,0x00000000f35f4c30,0x00000000f6e00000)
  from space 7168K, 99% used [0x00000000f8000000,0x00000000f86fdb70,0x00000000f8700000)
  to   space 8704K, 0% used [0x00000000f7600000,0x00000000f7600000,0x00000000f7e80000)
 ParOldGen       total 28160K, used 9703K [0x00000000c0c00000, 0x00000000c2780000, 0x00000000eaf00000)
  object space 28160K, 34% used [0x00000000c0c00000,0x00000000c1579c60,0x00000000c2780000)
 Metaspace       used 33447K, capacity 35412K, committed 35496K, reserved 1079296K
  class space    used 4343K, capacity 4736K, committed 4784K, reserved 1048576K
Event: 16.816 GC heap after
Heap after GC invocations=12 (full 1):
 PSYoungGen      total 212480K, used 8536K [0x00000000eaf00000, 0x00000000fe000000, 0x0000000100000000)
  eden space 203776K, 0% used [0x00000000eaf00000,0x00000000eaf00000,0x00000000f7600000)
  from space 8704K, 98% used [0x00000000f7600000,0x00000000f7e56040,0x00000000f7e80000)
  to   space 9728K, 0% used [0x00000000fd680000,0x00000000fd680000,0x00000000fe000000)
 ParOldGen       total 28160K, used 13831K [0x00000000c0c00000, 0x00000000c2780000, 0x00000000eaf00000)
  object space 28160K, 49% used [0x00000000c0c00000,0x00000000c1981ce0,0x00000000c2780000)
 Metaspace       used 33447K, capacity 35412K, committed 35496K, reserved 1079296K
  class space    used 4343K, capacity 4736K, committed 4784K, reserved 1048576K
}
Event: 16.816 GC heap before
{Heap before GC invocations=13 (full 2):
 PSYoungGen      total 212480K, used 8536K [0x00000000eaf00000, 0x00000000fe000000, 0x0000000100000000)
  eden space 203776K, 0% used [0x00000000eaf00000,0x00000000eaf00000,0x00000000f7600000)
  from space 8704K, 98% used [0x00000000f7600000,0x00000000f7e56040,0x00000000f7e80000)
  to   space 9728K, 0% used [0x00000000fd680000,0x00000000fd680000,0x00000000fe000000)
 ParOldGen       total 28160K, used 13831K [0x00000000c0c00000, 0x00000000c2780000, 0x00000000eaf00000)
  object space 28160K, 49% used [0x00000000c0c00000,0x00000000c1981ce0,0x00000000c2780000)
 Metaspace       used 33447K, capacity 35412K, committed 35496K, reserved 1079296K
  class space    used 4343K, capacity 4736K, committed 4784K, reserved 1048576K
Event: 16.899 GC heap after
Heap after GC invocations=13 (full 2):
 PSYoungGen      total 212480K, used 0K [0x00000000eaf00000, 0x00000000fe000000, 0x0000000100000000)
  eden space 203776K, 0% used [0x00000000eaf00000,0x00000000eaf00000,0x00000000f7600000)
  from space 8704K, 0% used [0x00000000f7600000,0x00000000f7600000,0x00000000f7e80000)
  to   space 9728K, 0% used [0x00000000fd680000,0x00000000fd680000,0x00000000fe000000)
 ParOldGen       total 46080K, used 18074K [0x00000000c0c00000, 0x00000000c3900000, 0x00000000eaf00000)
  object space 46080K, 39% used [0x00000000c0c00000,0x00000000c1da6910,0x00000000c3900000)
 Metaspace       used 33447K, capacity 35412K, committed 35496K, reserved 1079296K
  class space    used 4343K, capacity 4736K, committed 4784K, reserved 1048576K
}

